
SQL*Loader: Release 11.2.0.2.0 - Production on Mon Jul 25 12:48:58 2016

Copyright (c) 1982, 2009, Oracle and/or its affiliates.  All rights reserved.

Control File:   loaddata.ctl
Data File:      loader1.dat
  Bad File:     loader1.bad
  Discard File:  none specified
 
 (Allow all discards)

Number to load: ALL
Number to skip: 0
Errors allowed: 50
Bind array:     64 rows, maximum of 256000 bytes
Continuation:    none specified
Path used:      Conventional

Table XYZ, loaded from every logical record.
Insert option in effect for this table: INSERT

   Column Name                  Position   Len  Term Encl Datatype
------------------------------ ---------- ----- ---- ---- ---------------------
I                                   FIRST     *   ,       CHARACTER            
S                                    NEXT     *   ,       CHARACTER            
D                                    NEXT     *   ,       DATE dd-mon-yyyy     

Record 1: Rejected - Error on table XYZ, column D.
ORA-01858: a non-numeric character was found where a numeric was expected

Record 2: Rejected - Error on table XYZ, column D.
ORA-01858: a non-numeric character was found where a numeric was expected

Record 3: Rejected - Error on table XYZ, column D.
ORA-01858: a non-numeric character was found where a numeric was expected


Table XYZ:
  0 Rows successfully loaded.
  3 Rows not loaded due to data errors.
  0 Rows not loaded because all WHEN clauses were failed.
  0 Rows not loaded because all fields were null.


Space allocated for bind array:                  49536 bytes(64 rows)
Read   buffer bytes: 1048576

Total logical records skipped:          0
Total logical records read:             3
Total logical records rejected:         3
Total logical records discarded:        0

Run began on Mon Jul 25 12:48:58 2016
Run ended on Mon Jul 25 12:49:04 2016

Elapsed time was:     00:00:06.57
CPU time was:         00:00:00.02
